[Licensing::Module] Trying to connect to existing licensing client channel...
Built from '6000.2/respin/6000.2.8f1-e4064264ae96' branch; Version is '6000.2.8f1 (c9992ac36c34) revision 13211946'; Using compiler version '194234433'; Build Type 'Release'
[Licensing::IpcConnector] Successfully connected to: "LicenseClient-szpil" at "2025-10-27T14:19:23.5481632Z"
OS: 'Windows 11  (10.0.26200) 64bit Professional' Language: 'en' Physical Memory: 32719 MB
BatchMode: 1, IsHumanControllingUs: 0, StartBugReporterOnCrash: 0, Is64bit: 1
Date: 2025-10-27T14:19:23Z

COMMAND LINE ARGUMENTS:
C:\Program Files\Unity\Hub\Editor\6000.2.8f1\Editor\Unity.exe
-adb2
-batchMode
-noUpm
-name
AssetImportWorker1
-projectPath
C:/Users/szpil/HordeSurvivor
-logFile
Logs/AssetImportWorker1.log
-srvPort
63613
-licensingIpc
LicenseClient-szpil
-job-worker-count
7
-background-job-worker-count
8
-gc-helper-count
1
-name
AssetImport
Successfully changed project path to: C:/Users/szpil/HordeSurvivor
C:/Users/szpil/HordeSurvivor
[UnityMemory] Configuration Parameters - Can be set up in boot.config
    "memorysetup-allocator-temp-initial-block-size-main=262144"
    "memorysetup-allocator-temp-initial-block-size-worker=262144"
    "memorysetup-bucket-allocator-granularity=16"
    "memorysetup-bucket-allocator-bucket-count=8"
    "memorysetup-bucket-allocator-block-size=33554432"
    "memorysetup-bucket-allocator-block-count=8"
    "memorysetup-main-allocator-block-size=16777216"
    "memorysetup-thread-allocator-block-size=16777216"
    "memorysetup-gfx-main-allocator-block-size=16777216"
    "memorysetup-gfx-thread-allocator-block-size=16777216"
    "memorysetup-cache-allocator-block-size=4194304"
    "memorysetup-typetree-allocator-block-size=2097152"
    "memorysetup-profiler-bucket-allocator-granularity=16"
    "memorysetup-profiler-bucket-allocator-bucket-count=8"
    "memorysetup-profiler-bucket-allocator-block-size=33554432"
    "memorysetup-profiler-bucket-allocator-block-count=8"
    "memorysetup-profiler-allocator-block-size=16777216"
    "memorysetup-profiler-editor-allocator-block-size=1048576"
    "memorysetup-temp-allocator-size-main=16777216"
    "memorysetup-job-temp-allocator-block-size=2097152"
    "memorysetup-job-temp-allocator-block-size-background=1048576"
    "memorysetup-job-temp-allocator-reduction-small-platforms=262144"
    "memorysetup-temp-allocator-size-background-worker=32768"
    "memorysetup-temp-allocator-size-job-worker=262144"
    "memorysetup-temp-allocator-size-preload-manager=33554432"
    "memorysetup-temp-allocator-size-nav-mesh-worker=65536"
    "memorysetup-temp-allocator-size-audio-worker=65536"
    "memorysetup-temp-allocator-size-cloud-worker=32768"
    "memorysetup-temp-allocator-size-gi-baking-worker=262144"
    "memorysetup-temp-allocator-size-gi-baking-worker=262144"
    "memorysetup-temp-allocator-size-gi-baking-worker=262144"
    "memorysetup-temp-allocator-size-gi-baking-worker=262144"
    "memorysetup-temp-allocator-size-gi-baking-worker=262144"
    "memorysetup-temp-allocator-size-gfx=262144"
Player connection [1388]  Target information:

Player connection [1388]  * "[IP] 192.168.1.95 [Port] 0 [Flags] 2 [Guid] 3961587822 [EditorId] 3961587822 [Version] 1048832 [Id] WindowsEditor(7,Komputer_Jan) [Debug] 1 [PackageName] WindowsEditor [ProjectName] Editor" 

Player connection [1388] Host joined multi-casting on [225.0.0.222:54997]...
Player connection [1388] Host joined alternative multi-casting on [225.0.0.222:34997]...
JobSystem: Creating JobQueue using job-worker-count value 7
Input System module state changed to: Initialized.
[Physics::Module] Initialized fallback backend.
[Physics::Module] Id: 0xdecafbad
[Licensing::Client] Code 10 while verifying Licensing Client signature (process Id: 9568, path: "C:/Program Files/Unity Hub/UnityLicensingClient_V1/Unity.Licensing.Client.exe")
[Licensing::Module] LicensingClient has failed validation; ignoring
[Licensing::Client] Handshaking with LicensingClient:
  Version:                 1.17.3+a4e98f1
  Session Id:              a8d6acd2319645bcaf5fc8dc285bf5d0
  Correlation Id:          babf2503531c9958f6e637dd2e43f647
  External correlation Id: 7997166120626153296
  Machine Id:              VV3U36W8lATMsp17my/3bJX/WXI=
[Licensing::Module] Successfully connected to LicensingClient on channel: "LicenseClient-szpil" (connect: 0.00s, validation: 0.00s, handshake: 0.04s)
[Licensing::IpcConnector] Successfully connected to: "LicenseClient-szpil-notifications" at "2025-10-27T14:19:23.5867857Z"
[Licensing::Module] Licensing Background thread has ended after 0.04s
Library Redirect Path: Library/
[Physics::Module] Selected backend.
[Physics::Module] Name: PhysX
[Physics::Module] Id: 0xf2b8ea05
[Physics::Module] SDK Version: 4.1.2
[Physics::Module] Integration Version: 1.0.0
[Physics::Module] Threading Mode: Multi-Threaded
Refreshing native plugins compatible for Editor in 2.30 ms, found 3 plugins.
Preloading 0 native plugins for Editor in 0.00 ms.
Initialize engine version: 6000.2.8f1 (c9992ac36c34)
[Subsystems] Discovering subsystems at path C:/Program Files/Unity/Hub/Editor/6000.2.8f1/Editor/Data/Resources/UnitySubsystems
[Subsystems] Discovering subsystems at path C:/Users/szpil/HordeSurvivor/Assets
GfxDevice: creating device client; kGfxThreadingModeNonThreaded
Direct3D:
    Version:  Direct3D 11.0 [level 11.1]
    Renderer: NVIDIA GeForce RTX 3060 Ti (ID=0x24c9)
    Vendor:   NVIDIA
    VRAM:     8024 MB
    Driver:   32.0.15.8129
Initialize mono
Mono path[0] = 'C:/Program Files/Unity/Hub/Editor/6000.2.8f1/Editor/Data/Managed'
Mono path[1] = 'C:/Program Files/Unity/Hub/Editor/6000.2.8f1/Editor/Data/MonoBleedingEdge/lib/mono/unityjit-win32'
Mono config path = 'C:/Program Files/Unity/Hub/Editor/6000.2.8f1/Editor/Data/MonoBleedingEdge/etc'
Using monoOptions --debugger-agent=transport=dt_socket,embedding=1,server=y,suspend=n,address=127.0.0.1:56624
Begin MonoManager ReloadAssembly
Registering precompiled unity dll's ...
Register platform support module: C:/Program Files/Unity/Hub/Editor/6000.2.8f1/Editor/Data/PlaybackEngines/WindowsStandaloneSupport/UnityEditor.WindowsStandalone.Extensions.dll
Registered in 0.002747 seconds.
- Loaded All Assemblies, in  0.448 seconds
Native extension for WindowsStandalone target not found
Mono: successfully reloaded assembly
- Finished resetting the current domain, in  0.365 seconds
Domain Reload Profiling: 810ms
	BeginReloadAssembly (148ms)
		ExecutionOrderSort (0ms)
		DisableScriptedObjects (0ms)
		BackupInstance (0ms)
		ReleaseScriptingObjects (0ms)
		CreateAndSetChildDomain (1ms)
	RebuildCommonClasses (44ms)
	RebuildNativeTypeToScriptingClass (14ms)
	initialDomainReloadingComplete (56ms)
	LoadAllAssembliesAndSetupDomain (183ms)
		LoadAssemblies (144ms)
		RebuildTransferFunctionScriptingTraits (0ms)
		AnalyzeDomain (180ms)
			TypeCache.Refresh (178ms)
				TypeCache.ScanAssembly (165ms)
			BuildScriptInfoCaches (0ms)
			ResolveRequiredComponents (0ms)
	FinalizeReload (365ms)
		ReleaseScriptCaches (0ms)
		RebuildScriptCaches (0ms)
		SetupLoadedEditorAssemblies (319ms)
			LogAssemblyErrors (0ms)
			InitializePlatformSupportModulesInManaged (54ms)
			SetLoadedEditorAssemblies (4ms)
			BeforeProcessingInitializeOnLoad (68ms)
			ProcessInitializeOnLoadAttributes (138ms)
			ProcessInitializeOnLoadMethodAttributes (55ms)
			AfterProcessingInitializeOnLoad (0ms)
			EditorAssembliesLoaded (0ms)
		ExecutionOrderSort2 (0ms)
		AwakeInstancesAfterBackupRestoration (0ms)
Assembly reference Packages/com.unity.cinemachine/Editor/Samples/ExposeHDRPInternals/HDRP-Editor-ref.asmref has no target assembly definition
========================================================================
Worker process is ready to serve import requests
Import Worker Mode flag is 0x00
Assembly reference Packages/com.unity.cinemachine/Editor/Samples/ExposeHDRPInternals/HDRP-Editor-ref.asmref has no target assembly definition
Assembly reference Packages/com.unity.cinemachine/Editor/Samples/ExposeHDRPInternals/HDRP-Editor-ref.asmref has no target assembly definition
Begin MonoManager ReloadAssembly
[Licensing::Client] Successfully resolved entitlement details
[Licensing::Module] License group:
  Id: 7971618300761-UnityPersXXXX
  Product: Unity Personal
  Type: Assigned
  Expiration: Unlimited
- Loaded All Assemblies, in  0.942 seconds
Assembly reference Packages/com.unity.cinemachine/Editor/Samples/ExposeHDRPInternals/HDRP-Editor-ref.asmref has no target assembly definition
'Packages/com.unity.cinemachine/Editor/Obsolete/CinemachineVirtualCameraBaseEditor.cs' contains partial class of Unity.Object, exactly 1 of the partial classes needs to be in a file with the same filename. This is to know the one that can be referenced from ie. GameObjects
'Packages/com.unity.cinemachine/Editor/Editors/CinemachineVirtualCameraBaseEditor.cs' contains partial class of Unity.Object, exactly 1 of the partial classes needs to be in a file with the same filename. This is to know the one that can be referenced from ie. GameObjects
Refreshing native plugins compatible for Editor in 1.27 ms, found 3 plugins.
Native extension for WindowsStandalone target not found
Assembly reference Packages/com.unity.cinemachine/Editor/Samples/ExposeHDRPInternals/HDRP-Editor-ref.asmref has no target assembly definition
Package Manager log level set to [2]
[Package Manager] Failed to launch server process. Reason: Unity was launched with the -noUpm command-line argument
[Package Manager] Unable to send message (not connected to server process).
[Package Manager] Cannot connect to Unity Package Manager local server
[Package Manager] Failed to launch server process. Reason: Unity was launched with the -noUpm command-line argument
[Package Manager] Unable to send message (not connected to server process).
[Package Manager] Cannot connect to Unity Package Manager local server
Mono: successfully reloaded assembly
- Finished resetting the current domain, in  0.829 seconds
Domain Reload Profiling: 1764ms
	BeginReloadAssembly (196ms)
		ExecutionOrderSort (0ms)
		DisableScriptedObjects (9ms)
		BackupInstance (0ms)
		ReleaseScriptingObjects (0ms)
		CreateAndSetChildDomain (30ms)
	RebuildCommonClasses (42ms)
	RebuildNativeTypeToScriptingClass (14ms)
	initialDomainReloadingComplete (51ms)
	LoadAllAssembliesAndSetupDomain (633ms)
		LoadAssemblies (417ms)
		RebuildTransferFunctionScriptingTraits (0ms)
		AnalyzeDomain (323ms)
			TypeCache.Refresh (237ms)
				TypeCache.ScanAssembly (221ms)
			BuildScriptInfoCaches (63ms)
			ResolveRequiredComponents (17ms)
	FinalizeReload (829ms)
		ReleaseScriptCaches (0ms)
		RebuildScriptCaches (0ms)
		SetupLoadedEditorAssemblies (619ms)
			LogAssemblyErrors (0ms)
			InitializePlatformSupportModulesInManaged (2ms)
			SetLoadedEditorAssemblies (4ms)
			BeforeProcessingInitializeOnLoad (142ms)
			ProcessInitializeOnLoadAttributes (405ms)
			ProcessInitializeOnLoadMethodAttributes (57ms)
			AfterProcessingInitializeOnLoad (9ms)
			EditorAssembliesLoaded (0ms)
		ExecutionOrderSort2 (0ms)
		AwakeInstancesAfterBackupRestoration (7ms)
Launched and connected shader compiler UnityShaderCompiler.exe after 0.02 seconds
Refreshing native plugins compatible for Editor in 1.50 ms, found 3 plugins.
Preloading 0 native plugins for Editor in 0.00 ms.
Unloading 14 Unused Serialized files (Serialized files now loaded: 0)
Unloading 6555 unused Assets / (6.6 MB). Loaded Objects now: 7286.
Memory consumption went from 157.7 MB to 151.2 MB.
Total: 9.818000 ms (FindLiveObjects: 0.927300 ms CreateObjectMapping: 0.309000 ms MarkObjects: 4.894400 ms  DeleteObjects: 3.685000 ms)

========================================================================
Received Prepare
Assembly reference Packages/com.unity.cinemachine/Editor/Samples/ExposeHDRPInternals/HDRP-Editor-ref.asmref has no target assembly definition
Assembly reference Packages/com.unity.cinemachine/Editor/Samples/ExposeHDRPInternals/HDRP-Editor-ref.asmref has no target assembly definition
Begin MonoManager ReloadAssembly
[Licensing::Client] Successfully resolved entitlement details
- Loaded All Assemblies, in  0.826 seconds
Assembly reference Packages/com.unity.cinemachine/Editor/Samples/ExposeHDRPInternals/HDRP-Editor-ref.asmref has no target assembly definition
'Packages/com.unity.cinemachine/Editor/Obsolete/CinemachineVirtualCameraBaseEditor.cs' contains partial class of Unity.Object, exactly 1 of the partial classes needs to be in a file with the same filename. This is to know the one that can be referenced from ie. GameObjects
'Packages/com.unity.cinemachine/Editor/Editors/CinemachineVirtualCameraBaseEditor.cs' contains partial class of Unity.Object, exactly 1 of the partial classes needs to be in a file with the same filename. This is to know the one that can be referenced from ie. GameObjects
Refreshing native plugins compatible for Editor in 1.27 ms, found 3 plugins.
Native extension for WindowsStandalone target not found
Assembly reference Packages/com.unity.cinemachine/Editor/Samples/ExposeHDRPInternals/HDRP-Editor-ref.asmref has no target assembly definition
[Package Manager] Failed to launch server process. Reason: Unity was launched with the -noUpm command-line argument
[Package Manager] Unable to send message (not connected to server process).
[Package Manager] Cannot connect to Unity Package Manager local server
[Package Manager] Failed to launch server process. Reason: Unity was launched with the -noUpm command-line argument
[Package Manager] Unable to send message (not connected to server process).
[Package Manager] Cannot connect to Unity Package Manager local server
Mono: successfully reloaded assembly
- Finished resetting the current domain, in  0.915 seconds
Domain Reload Profiling: 1738ms
	BeginReloadAssembly (226ms)
		ExecutionOrderSort (0ms)
		DisableScriptedObjects (6ms)
		BackupInstance (0ms)
		ReleaseScriptingObjects (0ms)
		CreateAndSetChildDomain (45ms)
	RebuildCommonClasses (46ms)
	RebuildNativeTypeToScriptingClass (17ms)
	initialDomainReloadingComplete (38ms)
	LoadAllAssembliesAndSetupDomain (495ms)
		LoadAssemblies (414ms)
		RebuildTransferFunctionScriptingTraits (0ms)
		AnalyzeDomain (195ms)
			TypeCache.Refresh (10ms)
				TypeCache.ScanAssembly (1ms)
			BuildScriptInfoCaches (168ms)
			ResolveRequiredComponents (12ms)
	FinalizeReload (916ms)
		ReleaseScriptCaches (0ms)
		RebuildScriptCaches (0ms)
		SetupLoadedEditorAssemblies (755ms)
			LogAssemblyErrors (0ms)
			InitializePlatformSupportModulesInManaged (2ms)
			SetLoadedEditorAssemblies (5ms)
			BeforeProcessingInitializeOnLoad (284ms)
			ProcessInitializeOnLoadAttributes (394ms)
			ProcessInitializeOnLoadMethodAttributes (63ms)
			AfterProcessingInitializeOnLoad (8ms)
			EditorAssembliesLoaded (0ms)
		ExecutionOrderSort2 (0ms)
		AwakeInstancesAfterBackupRestoration (14ms)
Refreshing native plugins compatible for Editor in 1.53 ms, found 3 plugins.
Preloading 0 native plugins for Editor in 0.00 ms.
Unloading 14 Unused Serialized files (Serialized files now loaded: 0)
Unloading 6552 unused Assets / (5.3 MB). Loaded Objects now: 7300.
Memory consumption went from 162.4 MB to 157.1 MB.
Total: 8.817200 ms (FindLiveObjects: 0.799100 ms CreateObjectMapping: 0.336100 ms MarkObjects: 5.042600 ms  DeleteObjects: 2.638400 ms)

Prepare: number of updated asset objects reloaded= 1
========================================================================
Received Prepare
'Packages/com.unity.cinemachine/Editor/Obsolete/CinemachineVirtualCameraBaseEditor.cs' contains partial class of Unity.Object, exactly 1 of the partial classes needs to be in a file with the same filename. This is to know the one that can be referenced from ie. GameObjects
'Packages/com.unity.cinemachine/Editor/Editors/CinemachineVirtualCameraBaseEditor.cs' contains partial class of Unity.Object, exactly 1 of the partial classes needs to be in a file with the same filename. This is to know the one that can be referenced from ie. GameObjects
Refreshing native plugins compatible for Editor in 1.63 ms, found 3 plugins.
Preloading 0 native plugins for Editor in 0.00 ms.
Unloading 14 Unused Serialized files (Serialized files now loaded: 0)
Unloading 6545 unused Assets / (4.1 MB). Loaded Objects now: 7299.
Memory consumption went from 162.5 MB to 158.4 MB.
Total: 10.640900 ms (FindLiveObjects: 0.894800 ms CreateObjectMapping: 0.437000 ms MarkObjects: 5.168300 ms  DeleteObjects: 4.139600 ms)

Prepare: number of updated asset objects reloaded= 0
========================================================================
Received Prepare
'Packages/com.unity.cinemachine/Editor/Obsolete/CinemachineVirtualCameraBaseEditor.cs' contains partial class of Unity.Object, exactly 1 of the partial classes needs to be in a file with the same filename. This is to know the one that can be referenced from ie. GameObjects
'Packages/com.unity.cinemachine/Editor/Editors/CinemachineVirtualCameraBaseEditor.cs' contains partial class of Unity.Object, exactly 1 of the partial classes needs to be in a file with the same filename. This is to know the one that can be referenced from ie. GameObjects
Refreshing native plugins compatible for Editor in 1.87 ms, found 3 plugins.
Preloading 0 native plugins for Editor in 0.00 ms.
Unloading 14 Unused Serialized files (Serialized files now loaded: 0)
Unloading 6545 unused Assets / (4.8 MB). Loaded Objects now: 7299.
Memory consumption went from 162.5 MB to 157.7 MB.
Total: 9.290300 ms (FindLiveObjects: 0.885400 ms CreateObjectMapping: 0.592000 ms MarkObjects: 5.137400 ms  DeleteObjects: 2.674100 ms)

Prepare: number of updated asset objects reloaded= 0
========================================================================
Received Prepare
Assembly reference Packages/com.unity.cinemachine/Editor/Samples/ExposeHDRPInternals/HDRP-Editor-ref.asmref has no target assembly definition
Assembly reference Packages/com.unity.cinemachine/Editor/Samples/ExposeHDRPInternals/HDRP-Editor-ref.asmref has no target assembly definition
Begin MonoManager ReloadAssembly
[Licensing::Client] Successfully resolved entitlement details
- Loaded All Assemblies, in  0.959 seconds
Assembly reference Packages/com.unity.cinemachine/Editor/Samples/ExposeHDRPInternals/HDRP-Editor-ref.asmref has no target assembly definition
'Packages/com.unity.cinemachine/Editor/Obsolete/CinemachineVirtualCameraBaseEditor.cs' contains partial class of Unity.Object, exactly 1 of the partial classes needs to be in a file with the same filename. This is to know the one that can be referenced from ie. GameObjects
'Packages/com.unity.cinemachine/Editor/Editors/CinemachineVirtualCameraBaseEditor.cs' contains partial class of Unity.Object, exactly 1 of the partial classes needs to be in a file with the same filename. This is to know the one that can be referenced from ie. GameObjects
Refreshing native plugins compatible for Editor in 1.34 ms, found 3 plugins.
Native extension for WindowsStandalone target not found
Assembly reference Packages/com.unity.cinemachine/Editor/Samples/ExposeHDRPInternals/HDRP-Editor-ref.asmref has no target assembly definition
System.ArgumentNullException: Value cannot be null.
Parameter name: value
  at UnityEngine.InputSystem.InputManager.set_settings (UnityEngine.InputSystem.InputSettings value) [0x00030] in .\Library\PackageCache\com.unity.inputsystem@be6c4fd0abf5\InputSystem\InputManager.cs:125 
  at UnityEngine.InputSystem.InputManager.RestoreStateWithoutDevices (UnityEngine.InputSystem.InputManager+SerializedState state) [0x00063] in .\Library\PackageCache\com.unity.inputsystem@be6c4fd0abf5\InputSystem\InputManager.cs:4126 
  at UnityEngine.InputSystem.InputSystem.InitializeInEditor (UnityEngine.InputSystem.LowLevel.IInputRuntime runtime) [0x0002f] in .\Library\PackageCache\com.unity.inputsystem@be6c4fd0abf5\InputSystem\InputSystem.cs:3548 
  at UnityEngine.InputSystem.InputSystem..cctor () [0x0001e] in .\Library\PackageCache\com.unity.inputsystem@be6c4fd0abf5\InputSystem\InputSystem.cs:3498 
UnityEngine.Debug:ExtractStackTraceNoAlloc (byte*,int,string)
UnityEngine.StackTraceUtility:ExtractStackTrace ()
UnityEngine.DebugLogHandler:Internal_Log (UnityEngine.LogType,UnityEngine.LogOption,string,UnityEngine.Object)
UnityEngine.DebugLogHandler:LogFormat (UnityEngine.LogType,UnityEngine.Object,string,object[])
UnityEngine.Logger:Log (UnityEngine.LogType,object)
UnityEngine.Debug:LogError (object)
UnityEditor.EditorAssemblies:ProcessInitializeOnLoadAttributes (System.Type[])

System.TypeInitializationException: The type initializer for 'UnityEngine.InputSystem.InputSystem' threw an exception. ---> System.ArgumentNullException: Value cannot be null.
Parameter name: value
  at UnityEngine.InputSystem.InputManager.set_settings (UnityEngine.InputSystem.InputSettings value) [0x00030] in .\Library\PackageCache\com.unity.inputsystem@be6c4fd0abf5\InputSystem\InputManager.cs:125 
  at UnityEngine.InputSystem.InputManager.RestoreStateWithoutDevices (UnityEngine.InputSystem.InputManager+SerializedState state) [0x00063] in .\Library\PackageCache\com.unity.inputsystem@be6c4fd0abf5\InputSystem\InputManager.cs:4126 
  at UnityEngine.InputSystem.InputSystem.InitializeInEditor (UnityEngine.InputSystem.LowLevel.IInputRuntime runtime) [0x0002f] in .\Library\PackageCache\com.unity.inputsystem@be6c4fd0abf5\InputSystem\InputSystem.cs:3548 
  at UnityEngine.InputSystem.InputSystem..cctor () [0x0001e] in .\Library\PackageCache\com.unity.inputsystem@be6c4fd0abf5\InputSystem\InputSystem.cs:3498 
   --- End of inner exception stack trace ---
  at DeltaTimeScaleProcessor.Initialize () [0x00000] in .\Library\PackageCache\com.unity.cinemachine@b66fdb7cd1f2\Runtime\Core\DeltaTimeScaleProcessor.cs:25 
  at DeltaTimeScaleProcessor..cctor () [0x00000] in .\Library\PackageCache\com.unity.cinemachine@b66fdb7cd1f2\Runtime\Core\DeltaTimeScaleProcessor.cs:21 
UnityEngine.Debug:ExtractStackTraceNoAlloc (byte*,int,string)
UnityEngine.StackTraceUtility:ExtractStackTrace ()
UnityEngine.DebugLogHandler:Internal_Log (UnityEngine.LogType,UnityEngine.LogOption,string,UnityEngine.Object)
UnityEngine.DebugLogHandler:LogFormat (UnityEngine.LogType,UnityEngine.Object,string,object[])
UnityEngine.Logger:Log (UnityEngine.LogType,object)
UnityEngine.Debug:LogError (object)
UnityEditor.EditorAssemblies:ProcessInitializeOnLoadAttributes (System.Type[])

[Package Manager] Failed to launch server process. Reason: Unity was launched with the -noUpm command-line argument
[Package Manager] Unable to send message (not connected to server process).
[Package Manager] Cannot connect to Unity Package Manager local server
[Package Manager] Failed to launch server process. Reason: Unity was launched with the -noUpm command-line argument
[Package Manager] Unable to send message (not connected to server process).
[Package Manager] Cannot connect to Unity Package Manager local server
Mono: successfully reloaded assembly
- Finished resetting the current domain, in  0.892 seconds
Domain Reload Profiling: 1849ms
	BeginReloadAssembly (248ms)
		ExecutionOrderSort (0ms)
		DisableScriptedObjects (6ms)
		BackupInstance (0ms)
		ReleaseScriptingObjects (0ms)
		CreateAndSetChildDomain (49ms)
	RebuildCommonClasses (53ms)
	RebuildNativeTypeToScriptingClass (16ms)
	initialDomainReloadingComplete (37ms)
	LoadAllAssembliesAndSetupDomain (601ms)
		LoadAssemblies (466ms)
		RebuildTransferFunctionScriptingTraits (0ms)
		AnalyzeDomain (254ms)
			TypeCache.Refresh (11ms)
				TypeCache.ScanAssembly (1ms)
			BuildScriptInfoCaches (223ms)
			ResolveRequiredComponents (15ms)
	FinalizeReload (893ms)
		ReleaseScriptCaches (0ms)
		RebuildScriptCaches (0ms)
		SetupLoadedEditorAssemblies (717ms)
			LogAssemblyErrors (0ms)
			InitializePlatformSupportModulesInManaged (2ms)
			SetLoadedEditorAssemblies (7ms)
			BeforeProcessingInitializeOnLoad (178ms)
			ProcessInitializeOnLoadAttributes (437ms)
			ProcessInitializeOnLoadMethodAttributes (81ms)
			AfterProcessingInitializeOnLoad (12ms)
			EditorAssembliesLoaded (0ms)
		ExecutionOrderSort2 (0ms)
		AwakeInstancesAfterBackupRestoration (17ms)
Refreshing native plugins compatible for Editor in 1.17 ms, found 3 plugins.
Preloading 0 native plugins for Editor in 0.00 ms.
Unloading 14 Unused Serialized files (Serialized files now loaded: 0)
Unloading 6552 unused Assets / (5.3 MB). Loaded Objects now: 7301.
Memory consumption went from 162.2 MB to 156.9 MB.
Total: 10.584000 ms (FindLiveObjects: 0.771500 ms CreateObjectMapping: 0.495800 ms MarkObjects: 5.904900 ms  DeleteObjects: 3.410100 ms)

Prepare: number of updated asset objects reloaded= 0
========================================================================
Received Prepare
Assembly reference Packages/com.unity.cinemachine/Editor/Samples/ExposeHDRPInternals/HDRP-Editor-ref.asmref has no target assembly definition
Assembly reference Packages/com.unity.cinemachine/Editor/Samples/ExposeHDRPInternals/HDRP-Editor-ref.asmref has no target assembly definition
Begin MonoManager ReloadAssembly
ArgumentNullException: Value cannot be null.
Parameter name: value
  at UnityEngine.InputSystem.InputManager.set_settings (UnityEngine.InputSystem.InputSettings value) [0x00030] in .\Library\PackageCache\com.unity.inputsystem@be6c4fd0abf5\InputSystem\InputManager.cs:125 
  at UnityEngine.InputSystem.InputManager.RestoreStateWithoutDevices (UnityEngine.InputSystem.InputManager+SerializedState state) [0x00063] in .\Library\PackageCache\com.unity.inputsystem@be6c4fd0abf5\InputSystem\InputManager.cs:4126 
  at UnityEngine.InputSystem.InputSystem.InitializeInEditor (UnityEngine.InputSystem.LowLevel.IInputRuntime runtime) [0x0002f] in .\Library\PackageCache\com.unity.inputsystem@be6c4fd0abf5\InputSystem\InputSystem.cs:3548 
  at UnityEngine.InputSystem.InputSystem..cctor () [0x0001e] in .\Library\PackageCache\com.unity.inputsystem@be6c4fd0abf5\InputSystem\InputSystem.cs:3498 
Rethrow as TypeInitializationException: The type initializer for 'UnityEngine.InputSystem.InputSystem' threw an exception.
  at (wrapper managed-to-native) System.Object.__icall_wrapper_mono_generic_class_init(intptr)
  at UnityEngine.InputSystem.InputSystemObject.OnBeforeSerialize () [0x00000] in .\Library\PackageCache\com.unity.inputsystem@be6c4fd0abf5\InputSystem\InputSystemObject.cs:24 

(Filename: ./Library/PackageCache/com.unity.inputsystem@be6c4fd0abf5/InputSystem/InputManager.cs Line: 125)

- Loaded All Assemblies, in  0.806 seconds
Assembly reference Packages/com.unity.cinemachine/Editor/Samples/ExposeHDRPInternals/HDRP-Editor-ref.asmref has no target assembly definition
'Packages/com.unity.cinemachine/Editor/Obsolete/CinemachineVirtualCameraBaseEditor.cs' contains partial class of Unity.Object, exactly 1 of the partial classes needs to be in a file with the same filename. This is to know the one that can be referenced from ie. GameObjects
'Packages/com.unity.cinemachine/Editor/Editors/CinemachineVirtualCameraBaseEditor.cs' contains partial class of Unity.Object, exactly 1 of the partial classes needs to be in a file with the same filename. This is to know the one that can be referenced from ie. GameObjects
Refreshing native plugins compatible for Editor in 1.62 ms, found 3 plugins.
Native extension for WindowsStandalone target not found
Assembly reference Packages/com.unity.cinemachine/Editor/Samples/ExposeHDRPInternals/HDRP-Editor-ref.asmref has no target assembly definition
System.ArgumentNullException: Value cannot be null.
Parameter name: value
  at UnityEngine.InputSystem.InputManager.set_settings (UnityEngine.InputSystem.InputSettings value) [0x00030] in .\Library\PackageCache\com.unity.inputsystem@be6c4fd0abf5\InputSystem\InputManager.cs:125 
  at UnityEngine.InputSystem.InputManager.RestoreStateWithoutDevices (UnityEngine.InputSystem.InputManager+SerializedState state) [0x00063] in .\Library\PackageCache\com.unity.inputsystem@be6c4fd0abf5\InputSystem\InputManager.cs:4126 
  at UnityEngine.InputSystem.InputSystem.InitializeInEditor (UnityEngine.InputSystem.LowLevel.IInputRuntime runtime) [0x0002f] in .\Library\PackageCache\com.unity.inputsystem@be6c4fd0abf5\InputSystem\InputSystem.cs:3548 
  at UnityEngine.InputSystem.InputSystem..cctor () [0x0001e] in .\Library\PackageCache\com.unity.inputsystem@be6c4fd0abf5\InputSystem\InputSystem.cs:3498 
UnityEngine.Debug:ExtractStackTraceNoAlloc (byte*,int,string)
UnityEngine.StackTraceUtility:ExtractStackTrace ()
UnityEngine.DebugLogHandler:Internal_Log (UnityEngine.LogType,UnityEngine.LogOption,string,UnityEngine.Object)
UnityEngine.DebugLogHandler:LogFormat (UnityEngine.LogType,UnityEngine.Object,string,object[])
UnityEngine.Logger:Log (UnityEngine.LogType,object)
UnityEngine.Debug:LogError (object)
UnityEditor.EditorAssemblies:ProcessInitializeOnLoadAttributes (System.Type[])

System.TypeInitializationException: The type initializer for 'UnityEngine.InputSystem.InputSystem' threw an exception. ---> System.ArgumentNullException: Value cannot be null.
Parameter name: value
  at UnityEngine.InputSystem.InputManager.set_settings (UnityEngine.InputSystem.InputSettings value) [0x00030] in .\Library\PackageCache\com.unity.inputsystem@be6c4fd0abf5\InputSystem\InputManager.cs:125 
  at UnityEngine.InputSystem.InputManager.RestoreStateWithoutDevices (UnityEngine.InputSystem.InputManager+SerializedState state) [0x00063] in .\Library\PackageCache\com.unity.inputsystem@be6c4fd0abf5\InputSystem\InputManager.cs:4126 
  at UnityEngine.InputSystem.InputSystem.InitializeInEditor (UnityEngine.InputSystem.LowLevel.IInputRuntime runtime) [0x0002f] in .\Library\PackageCache\com.unity.inputsystem@be6c4fd0abf5\InputSystem\InputSystem.cs:3548 
  at UnityEngine.InputSystem.InputSystem..cctor () [0x0001e] in .\Library\PackageCache\com.unity.inputsystem@be6c4fd0abf5\InputSystem\InputSystem.cs:3498 
   --- End of inner exception stack trace ---
  at DeltaTimeScaleProcessor.Initialize () [0x00000] in .\Library\PackageCache\com.unity.cinemachine@b66fdb7cd1f2\Runtime\Core\DeltaTimeScaleProcessor.cs:25 
  at DeltaTimeScaleProcessor..cctor () [0x00000] in .\Library\PackageCache\com.unity.cinemachine@b66fdb7cd1f2\Runtime\Core\DeltaTimeScaleProcessor.cs:21 
UnityEngine.Debug:ExtractStackTraceNoAlloc (byte*,int,string)
UnityEngine.StackTraceUtility:ExtractStackTrace ()
UnityEngine.DebugLogHandler:Internal_Log (UnityEngine.LogType,UnityEngine.LogOption,string,UnityEngine.Object)
UnityEngine.DebugLogHandler:LogFormat (UnityEngine.LogType,UnityEngine.Object,string,object[])
UnityEngine.Logger:Log (UnityEngine.LogType,object)
UnityEngine.Debug:LogError (object)
UnityEditor.EditorAssemblies:ProcessInitializeOnLoadAttributes (System.Type[])

[Package Manager] Failed to launch server process. Reason: Unity was launched with the -noUpm command-line argument
[Package Manager] Unable to send message (not connected to server process).
[Package Manager] Cannot connect to Unity Package Manager local server
[Package Manager] Failed to launch server process. Reason: Unity was launched with the -noUpm command-line argument
[Package Manager] Unable to send message (not connected to server process).
[Package Manager] Cannot connect to Unity Package Manager local server
Mono: successfully reloaded assembly
- Finished resetting the current domain, in  0.800 seconds
Domain Reload Profiling: 1602ms
	BeginReloadAssembly (212ms)
		ExecutionOrderSort (0ms)
		DisableScriptedObjects (6ms)
		BackupInstance (0ms)
		ReleaseScriptingObjects (0ms)
		CreateAndSetChildDomain (45ms)
	RebuildCommonClasses (46ms)
	RebuildNativeTypeToScriptingClass (15ms)
	initialDomainReloadingComplete (34ms)
	LoadAllAssembliesAndSetupDomain (494ms)
		LoadAssemblies (374ms)
		RebuildTransferFunctionScriptingTraits (0ms)
		AnalyzeDomain (216ms)
			TypeCache.Refresh (6ms)
				TypeCache.ScanAssembly (0ms)
			BuildScriptInfoCaches (193ms)
			ResolveRequiredComponents (12ms)
	FinalizeReload (800ms)
		ReleaseScriptCaches (0ms)
		RebuildScriptCaches (0ms)
		SetupLoadedEditorAssemblies (610ms)
			LogAssemblyErrors (0ms)
			InitializePlatformSupportModulesInManaged (2ms)
			SetLoadedEditorAssemblies (5ms)
			BeforeProcessingInitializeOnLoad (149ms)
			ProcessInitializeOnLoadAttributes (386ms)
			ProcessInitializeOnLoadMethodAttributes (56ms)
			AfterProcessingInitializeOnLoad (12ms)
			EditorAssembliesLoaded (0ms)
		ExecutionOrderSort2 (0ms)
		AwakeInstancesAfterBackupRestoration (23ms)
Refreshing native plugins compatible for Editor in 1.51 ms, found 3 plugins.
Preloading 0 native plugins for Editor in 0.00 ms.
Unloading 14 Unused Serialized files (Serialized files now loaded: 0)
Unloading 6552 unused Assets / (4.5 MB). Loaded Objects now: 7303.
Memory consumption went from 162.3 MB to 157.8 MB.
Total: 9.231300 ms (FindLiveObjects: 0.913700 ms CreateObjectMapping: 0.468700 ms MarkObjects: 5.509600 ms  DeleteObjects: 2.338400 ms)

Prepare: number of updated asset objects reloaded= 0
========================================================================
Received Import Request.
  Time since last request: 388754.556742 seconds.
  path: Assets/Scripts/Player/Player.cs
  artifactKey: Guid(2e987ff9f28376d43ba07342a8ff957a) Importer(2089858483,192608db42251d675da83286b1cce702)
Start importing Assets/Scripts/Player/Player.cs using Guid(2e987ff9f28376d43ba07342a8ff957a) Importer(2089858483,192608db42251d675da83286b1cce702) (ScriptedImporter) -> (artifact id: '0d5266606b46f853c17ebfc479364cdf') in 0.3004722 seconds
Number of updated asset objects reloaded before import = 0Number of asset objects unloaded after import = 0

========================================================================
Received Import Request.
  Time since last request: 0.000026 seconds.
  path: Assets/Scripts/Player/PlayerUpgradeTypes.cs
  artifactKey: Guid(d1e5c531e156b5743a6b9eb2977e4172) Importer(2089858483,192608db42251d675da83286b1cce702)
Start importing Assets/Scripts/Player/PlayerUpgradeTypes.cs using Guid(d1e5c531e156b5743a6b9eb2977e4172) Importer(2089858483,192608db42251d675da83286b1cce702) (ScriptedImporter) -> (artifact id: '19113903361034f9ad02eefe5315aef4') in 0.0152293 seconds
Number of updated asset objects reloaded before import = 0Number of asset objects unloaded after import = 0

========================================================================
Received Import Request.
  Time since last request: 0.000028 seconds.
  path: Assets/Scripts/Player/Mine.cs
  artifactKey: Guid(013024d89bbb9b842a6e9250fdada6f8) Importer(2089858483,192608db42251d675da83286b1cce702)
Start importing Assets/Scripts/Player/Mine.cs using Guid(013024d89bbb9b842a6e9250fdada6f8) Importer(2089858483,192608db42251d675da83286b1cce702) (ScriptedImporter) -> (artifact id: '0936d04d2e59d8e22cddac683a85d96f') in 0.0159877 seconds
Number of updated asset objects reloaded before import = 0Number of asset objects unloaded after import = 0

========================================================================
Received Import Request.
  Time since last request: 0.000037 seconds.
  path: Assets/Scripts/Player/PlayerControls.cs
  artifactKey: Guid(d4da0c4c6aeb3c84a9deed89b6d2d428) Importer(2089858483,192608db42251d675da83286b1cce702)
Start importing Assets/Scripts/Player/PlayerControls.cs using Guid(d4da0c4c6aeb3c84a9deed89b6d2d428) Importer(2089858483,192608db42251d675da83286b1cce702) (ScriptedImporter) -> (artifact id: '3ccc3110198069abd65e82c5d16b2097') in 0.0153096 seconds
Number of updated asset objects reloaded before import = 0Number of asset objects unloaded after import = 0

========================================================================
Received Prepare
'Packages/com.unity.cinemachine/Editor/Obsolete/CinemachineVirtualCameraBaseEditor.cs' contains partial class of Unity.Object, exactly 1 of the partial classes needs to be in a file with the same filename. This is to know the one that can be referenced from ie. GameObjects
'Packages/com.unity.cinemachine/Editor/Editors/CinemachineVirtualCameraBaseEditor.cs' contains partial class of Unity.Object, exactly 1 of the partial classes needs to be in a file with the same filename. This is to know the one that can be referenced from ie. GameObjects
Refreshing native plugins compatible for Editor in 1.60 ms, found 3 plugins.
Preloading 0 native plugins for Editor in 0.00 ms.
Unloading 14 Unused Serialized files (Serialized files now loaded: 0)
Unloading 6546 unused Assets / (5.3 MB). Loaded Objects now: 7306.
Memory consumption went from 163.3 MB to 158.0 MB.
Total: 9.602700 ms (FindLiveObjects: 0.864900 ms CreateObjectMapping: 0.376000 ms MarkObjects: 4.572600 ms  DeleteObjects: 3.787000 ms)

Prepare: number of updated asset objects reloaded= 0
========================================================================
Received Prepare
Assembly reference Packages/com.unity.cinemachine/Editor/Samples/ExposeHDRPInternals/HDRP-Editor-ref.asmref has no target assembly definition
Assembly reference Packages/com.unity.cinemachine/Editor/Samples/ExposeHDRPInternals/HDRP-Editor-ref.asmref has no target assembly definition
Begin MonoManager ReloadAssembly
[Licensing::Client] Successfully resolved entitlement details
ArgumentNullException: Value cannot be null.
Parameter name: value
  at UnityEngine.InputSystem.InputManager.set_settings (UnityEngine.InputSystem.InputSettings value) [0x00030] in .\Library\PackageCache\com.unity.inputsystem@be6c4fd0abf5\InputSystem\InputManager.cs:125 
  at UnityEngine.InputSystem.InputManager.RestoreStateWithoutDevices (UnityEngine.InputSystem.InputManager+SerializedState state) [0x00063] in .\Library\PackageCache\com.unity.inputsystem@be6c4fd0abf5\InputSystem\InputManager.cs:4126 
  at UnityEngine.InputSystem.InputSystem.InitializeInEditor (UnityEngine.InputSystem.LowLevel.IInputRuntime runtime) [0x0002f] in .\Library\PackageCache\com.unity.inputsystem@be6c4fd0abf5\InputSystem\InputSystem.cs:3548 
  at UnityEngine.InputSystem.InputSystem..cctor () [0x0001e] in .\Library\PackageCache\com.unity.inputsystem@be6c4fd0abf5\InputSystem\InputSystem.cs:3498 
Rethrow as TypeInitializationException: The type initializer for 'UnityEngine.InputSystem.InputSystem' threw an exception.
  at (wrapper managed-to-native) System.Object.__icall_wrapper_mono_generic_class_init(intptr)
  at UnityEngine.InputSystem.InputSystemObject.OnBeforeSerialize () [0x00000] in .\Library\PackageCache\com.unity.inputsystem@be6c4fd0abf5\InputSystem\InputSystemObject.cs:24 

(Filename: ./Library/PackageCache/com.unity.inputsystem@be6c4fd0abf5/InputSystem/InputManager.cs Line: 125)

- Loaded All Assemblies, in  0.910 seconds
Assembly reference Packages/com.unity.cinemachine/Editor/Samples/ExposeHDRPInternals/HDRP-Editor-ref.asmref has no target assembly definition
'Packages/com.unity.cinemachine/Editor/Obsolete/CinemachineVirtualCameraBaseEditor.cs' contains partial class of Unity.Object, exactly 1 of the partial classes needs to be in a file with the same filename. This is to know the one that can be referenced from ie. GameObjects
'Packages/com.unity.cinemachine/Editor/Editors/CinemachineVirtualCameraBaseEditor.cs' contains partial class of Unity.Object, exactly 1 of the partial classes needs to be in a file with the same filename. This is to know the one that can be referenced from ie. GameObjects
Refreshing native plugins compatible for Editor in 1.71 ms, found 3 plugins.
Native extension for WindowsStandalone target not found
Assembly reference Packages/com.unity.cinemachine/Editor/Samples/ExposeHDRPInternals/HDRP-Editor-ref.asmref has no target assembly definition
System.ArgumentNullException: Value cannot be null.
Parameter name: value
  at UnityEngine.InputSystem.InputManager.set_settings (UnityEngine.InputSystem.InputSettings value) [0x00030] in .\Library\PackageCache\com.unity.inputsystem@be6c4fd0abf5\InputSystem\InputManager.cs:125 
  at UnityEngine.InputSystem.InputManager.RestoreStateWithoutDevices (UnityEngine.InputSystem.InputManager+SerializedState state) [0x00063] in .\Library\PackageCache\com.unity.inputsystem@be6c4fd0abf5\InputSystem\InputManager.cs:4126 
  at UnityEngine.InputSystem.InputSystem.InitializeInEditor (UnityEngine.InputSystem.LowLevel.IInputRuntime runtime) [0x0002f] in .\Library\PackageCache\com.unity.inputsystem@be6c4fd0abf5\InputSystem\InputSystem.cs:3548 
  at UnityEngine.InputSystem.InputSystem..cctor () [0x0001e] in .\Library\PackageCache\com.unity.inputsystem@be6c4fd0abf5\InputSystem\InputSystem.cs:3498 
UnityEngine.Debug:ExtractStackTraceNoAlloc (byte*,int,string)
UnityEngine.StackTraceUtility:ExtractStackTrace ()
UnityEngine.DebugLogHandler:Internal_Log (UnityEngine.LogType,UnityEngine.LogOption,string,UnityEngine.Object)
UnityEngine.DebugLogHandler:LogFormat (UnityEngine.LogType,UnityEngine.Object,string,object[])
UnityEngine.Logger:Log (UnityEngine.LogType,object)
UnityEngine.Debug:LogError (object)
UnityEditor.EditorAssemblies:ProcessInitializeOnLoadAttributes (System.Type[])

System.TypeInitializationException: The type initializer for 'UnityEngine.InputSystem.InputSystem' threw an exception. ---> System.ArgumentNullException: Value cannot be null.
Parameter name: value
  at UnityEngine.InputSystem.InputManager.set_settings (UnityEngine.InputSystem.InputSettings value) [0x00030] in .\Library\PackageCache\com.unity.inputsystem@be6c4fd0abf5\InputSystem\InputManager.cs:125 
  at UnityEngine.InputSystem.InputManager.RestoreStateWithoutDevices (UnityEngine.InputSystem.InputManager+SerializedState state) [0x00063] in .\Library\PackageCache\com.unity.inputsystem@be6c4fd0abf5\InputSystem\InputManager.cs:4126 
  at UnityEngine.InputSystem.InputSystem.InitializeInEditor (UnityEngine.InputSystem.LowLevel.IInputRuntime runtime) [0x0002f] in .\Library\PackageCache\com.unity.inputsystem@be6c4fd0abf5\InputSystem\InputSystem.cs:3548 
  at UnityEngine.InputSystem.InputSystem..cctor () [0x0001e] in .\Library\PackageCache\com.unity.inputsystem@be6c4fd0abf5\InputSystem\InputSystem.cs:3498 
   --- End of inner exception stack trace ---
  at DeltaTimeScaleProcessor.Initialize () [0x00000] in .\Library\PackageCache\com.unity.cinemachine@b66fdb7cd1f2\Runtime\Core\DeltaTimeScaleProcessor.cs:25 
  at DeltaTimeScaleProcessor..cctor () [0x00000] in .\Library\PackageCache\com.unity.cinemachine@b66fdb7cd1f2\Runtime\Core\DeltaTimeScaleProcessor.cs:21 
UnityEngine.Debug:ExtractStackTraceNoAlloc (byte*,int,string)
UnityEngine.StackTraceUtility:ExtractStackTrace ()
UnityEngine.DebugLogHandler:Internal_Log (UnityEngine.LogType,UnityEngine.LogOption,string,UnityEngine.Object)
UnityEngine.DebugLogHandler:LogFormat (UnityEngine.LogType,UnityEngine.Object,string,object[])
UnityEngine.Logger:Log (UnityEngine.LogType,object)
UnityEngine.Debug:LogError (object)
UnityEditor.EditorAssemblies:ProcessInitializeOnLoadAttributes (System.Type[])

[Package Manager] Failed to launch server process. Reason: Unity was launched with the -noUpm command-line argument
[Package Manager] Unable to send message (not connected to server process).
[Package Manager] Cannot connect to Unity Package Manager local server
[Package Manager] Failed to launch server process. Reason: Unity was launched with the -noUpm command-line argument
[Package Manager] Unable to send message (not connected to server process).
[Package Manager] Cannot connect to Unity Package Manager local server
Mono: successfully reloaded assembly
- Finished resetting the current domain, in  0.889 seconds
Domain Reload Profiling: 1795ms
	BeginReloadAssembly (259ms)
		ExecutionOrderSort (0ms)
		DisableScriptedObjects (6ms)
		BackupInstance (0ms)
		ReleaseScriptingObjects (0ms)
		CreateAndSetChildDomain (65ms)
	RebuildCommonClasses (48ms)
	RebuildNativeTypeToScriptingClass (15ms)
	initialDomainReloadingComplete (36ms)
	LoadAllAssembliesAndSetupDomain (548ms)
		LoadAssemblies (410ms)
		RebuildTransferFunctionScriptingTraits (0ms)
		AnalyzeDomain (249ms)
			TypeCache.Refresh (11ms)
				TypeCache.ScanAssembly (1ms)
			BuildScriptInfoCaches (219ms)
			ResolveRequiredComponents (13ms)
	FinalizeReload (889ms)
		ReleaseScriptCaches (0ms)
		RebuildScriptCaches (0ms)
		SetupLoadedEditorAssemblies (689ms)
			LogAssemblyErrors (0ms)
			InitializePlatformSupportModulesInManaged (2ms)
			SetLoadedEditorAssemblies (8ms)
			BeforeProcessingInitializeOnLoad (185ms)
			ProcessInitializeOnLoadAttributes (429ms)
			ProcessInitializeOnLoadMethodAttributes (56ms)
			AfterProcessingInitializeOnLoad (8ms)
			EditorAssembliesLoaded (0ms)
		ExecutionOrderSort2 (0ms)
		AwakeInstancesAfterBackupRestoration (15ms)
Refreshing native plugins compatible for Editor in 1.25 ms, found 3 plugins.
Preloading 0 native plugins for Editor in 0.00 ms.
Unloading 14 Unused Serialized files (Serialized files now loaded: 0)
Unloading 6553 unused Assets / (4.5 MB). Loaded Objects now: 7308.
Memory consumption went from 163.1 MB to 158.6 MB.
Total: 8.681500 ms (FindLiveObjects: 0.807200 ms CreateObjectMapping: 0.489700 ms MarkObjects: 5.279800 ms  DeleteObjects: 2.103300 ms)

Prepare: number of updated asset objects reloaded= 0
Editor requested this worker to shutdown with reason: Scaling down because of idle timeout
AssetImportWorkerClient::OnTransportError - code=2 error=End of file
AssetImportWorker is now disconnected from the server
Process exiting
Exiting without the bug reporter. Application will terminate with return code 0